<?xml version="1.0" encoding="UTF-8"?>
<!-- Generated by org.testng.reporters.JUnitReportReporter -->
<testsuite skipped="0" hostname="DESKTOP-76D66A7" name="com.qa.Demosphere.test.CreateAccountPageTest" tests="4" failures="0" timestamp="24 Feb 2021 23:22:41 GMT" time="11.090" errors="0">
  <testcase name="verify_authentication" time="1.247" classname="com.qa.Demosphere.test.CreateAccountPageTest"/>
  <testcase name="enter_personal_information" time="6.370" classname="com.qa.Demosphere.test.CreateAccountPageTest"/>
  <testcase name="click_on_signout_link" time="1.336" classname="com.qa.Demosphere.test.CreateAccountPageTest"/>
  <testcase name="create_failed_account" time="2.137" classname="com.qa.Demosphere.test.CreateAccountPageTest"/>
</testsuite> <!-- com.qa.Demosphere.test.CreateAccountPageTest -->
