<?xml version="1.0" encoding="UTF-8"?>
<!-- Generated by org.testng.reporters.JUnitReportReporter -->
<testsuite skipped="0" hostname="DESKTOP-76D66A7" name="com.qa.Demosphere.test.HomePageTest" tests="2" failures="0" timestamp="24 Feb 2021 23:22:41 GMT" time="2.793" errors="0">
  <testcase name="good_search_criteria" time="1.591" classname="com.qa.Demosphere.test.HomePageTest"/>
  <testcase name="failed_search_criteria" time="1.202" classname="com.qa.Demosphere.test.HomePageTest"/>
</testsuite> <!-- com.qa.Demosphere.test.HomePageTest -->
