<?xml version="1.0" encoding="UTF-8"?>
<!-- Generated by org.testng.reporters.JUnitReportReporter -->
<testsuite skipped="0" hostname="DESKTOP-76D66A7" name="com.qa.Demosphere.test.CartPageTest" tests="1" failures="0" timestamp="24 Feb 2021 23:22:41 GMT" time="15.620" errors="0">
  <testcase name="manipulate_cart" time="15.620" classname="com.qa.Demosphere.test.CartPageTest"/>
</testsuite> <!-- com.qa.Demosphere.test.CartPageTest -->
