<?xml version="1.0" encoding="UTF-8"?>
<!-- Generated by org.testng.reporters.JUnitReportReporter -->
<testsuite skipped="0" hostname="DESKTOP-76D66A7" name="com.qa.Demosphere.test.CartPageTest" tests="1" failures="0" timestamp="13 Dec 2020 08:55:03 GMT" time="15.580" errors="0">
  <testcase name="manipulate_cart" time="15.580" classname="com.qa.Demosphere.test.CartPageTest"/>
</testsuite> <!-- com.qa.Demosphere.test.CartPageTest -->
